<?xml version="1.0" encoding="UTF-8"?>
<testng-results skipped="0" failed="0" total="3" passed="3">
  <reporter-output>
  </reporter-output>
  <suite name="Default suite" duration-ms="140029" started-at="2017-04-09T16:19:29Z" finished-at="2017-04-09T16:21:49Z">
    <groups>
    </groups>
    <test name="Default test" duration-ms="140029" started-at="2017-04-09T16:19:29Z" finished-at="2017-04-09T16:21:49Z">
      <class name="com.wellsfargo.selenium_automation.IndeedTestDo1">
        <test-method status="PASS" signature="SetUp()[pri:0, instance:com.wellsfargo.selenium_automation.IndeedTestDo1@6093dd95]" name="SetUp" is-config="true" duration-ms="7406" started-at="2017-04-09T09:19:29Z" finished-at="2017-04-09T09:19:36Z">
          <reporter-output>
          </reporter-output>
        </test-method> <!-- SetUp -->
        <test-method status="PASS" signature="JobSearchTest(java.lang.String, java.lang.String)[pri:0, instance:com.wellsfargo.selenium_automation.IndeedTestDo1@6093dd95]" name="JobSearchTest" duration-ms="42925" started-at="2017-04-09T09:19:37Z" data-provider="getInputData" finished-at="2017-04-09T09:20:19Z">
          <params>
            <param index="0">
              <value>
                <![CDATA[Selenium]]>
              </value>
            </param>
            <param index="1">
              <value>
                <![CDATA[San Francisco,CA]]>
              </value>
            </param>
          </params>
          <reporter-output>
          </reporter-output>
        </test-method> <!-- JobSearchTest -->
        <test-method status="PASS" signature="JobSearchTest(java.lang.String, java.lang.String)[pri:0, instance:com.wellsfargo.selenium_automation.IndeedTestDo1@6093dd95]" name="JobSearchTest" duration-ms="44505" started-at="2017-04-09T09:20:19Z" data-provider="getInputData" finished-at="2017-04-09T09:21:04Z">
          <params>
            <param index="0">
              <value>
                <![CDATA[Developer]]>
              </value>
            </param>
            <param index="1">
              <value>
                <![CDATA[Glasgow]]>
              </value>
            </param>
          </params>
          <reporter-output>
          </reporter-output>
        </test-method> <!-- JobSearchTest -->
        <test-method status="PASS" signature="JobSearchTest(java.lang.String, java.lang.String)[pri:0, instance:com.wellsfargo.selenium_automation.IndeedTestDo1@6093dd95]" name="JobSearchTest" duration-ms="43062" started-at="2017-04-09T09:21:04Z" data-provider="getInputData" finished-at="2017-04-09T09:21:47Z">
          <params>
            <param index="0">
              <value>
                <![CDATA[Data Analyst]]>
              </value>
            </param>
            <param index="1">
              <value>
                <![CDATA[San Jose,CA]]>
              </value>
            </param>
          </params>
          <reporter-output>
          </reporter-output>
        </test-method> <!-- JobSearchTest -->
        <test-method status="PASS" signature="afterClass()[pri:0, instance:com.wellsfargo.selenium_automation.IndeedTestDo1@6093dd95]" name="afterClass" is-config="true" duration-ms="2107" started-at="2017-04-09T09:21:47Z" finished-at="2017-04-09T09:21:49Z">
          <reporter-output>
          </reporter-output>
        </test-method> <!-- afterClass -->
      </class> <!-- com.wellsfargo.selenium_automation.IndeedTestDo1 -->
    </test> <!-- Default test -->
  </suite> <!-- Default suite -->
</testng-results>
